# JRE version: Java(TM) SE Runtime Environment (8.0_181-b13) (build 1.8.0_181-b13)
# Java VM: Java HotSpot(TM) 64-Bit Server VM (25.181-b13 mixed mode windows-amd64 compressed oops)
Heap:
 PSYoungGen      total 649728K, used 201221K [0x00000000d6200000, 0x0000000100000000, 0x0000000100000000)
  eden space 615424K, 28% used [0x00000000d6200000,0x00000000e0db8570,0x00000000fbb00000)
  from space 34304K, 73% used [0x00000000fde80000,0x00000000ff7490b8,0x0000000100000000)
  to   space 35328K, 0% used [0x00000000fbb00000,0x00000000fbb00000,0x00000000fdd80000)
 ParOldGen       total 227840K, used 213743K [0x0000000082600000, 0x0000000090480000, 0x00000000d6200000)
  object space 227840K, 93% used [0x0000000082600000,0x000000008f6bbfc0,0x0000000090480000)
 Metaspace       used 117840K, capacity 121528K, committed 121688K, reserved 1157120K
  class space    used 12451K, capacity 13121K, committed 13144K, reserved 1048576K
GC Heap History (10 events):
Event: 703.455 GC heap before
{Heap before GC invocations=54 (full 17):
 PSYoungGen      total 632320K, used 15555K [0x00000000d6200000, 0x00000000fff00000, 0x0000000100000000)
  eden space 616448K, 0% used [0x00000000d6200000,0x00000000d6200000,0x00000000fbc00000)
  from space 15872K, 98% used [0x00000000fbc00000,0x00000000fcb30dd8,0x00000000fcb80000)
  to   space 34304K, 0% used [0x00000000fdd80000,0x00000000fdd80000,0x00000000fff00000)
 ParOldGen       total 227840K, used 186997K [0x0000000082600000, 0x0000000090480000, 0x00000000d6200000)
  object space 227840K, 82% used [0x0000000082600000,0x000000008dc9d5d0,0x0000000090480000)
 Metaspace       used 112222K, capacity 115972K, committed 116056K, reserved 1153024K
  class space    used 11973K, capacity 12624K, committed 12632K, reserved 1048576K
Event: 703.986 GC heap after
Heap after GC invocations=54 (full 17):
 PSYoungGen      total 632320K, used 0K [0x00000000d6200000, 0x00000000fff00000, 0x0000000100000000)
  eden space 616448K, 0% used [0x00000000d6200000,0x00000000d6200000,0x00000000fbc00000)
  from space 15872K, 0% used [0x00000000fbc00000,0x00000000fbc00000,0x00000000fcb80000)
  to   space 34304K, 0% used [0x00000000fdd80000,0x00000000fdd80000,0x00000000fff00000)
 ParOldGen       total 227840K, used 200756K [0x0000000082600000, 0x0000000090480000, 0x00000000d6200000)
  object space 227840K, 88% used [0x0000000082600000,0x000000008ea0d070,0x0000000090480000)
 Metaspace       used 112098K, capacity 115774K, committed 116056K, reserved 1153024K
  class space    used 11955K, capacity 12591K, committed 12632K, reserved 1048576K
}
Event: 706.231 GC heap before
{Heap before GC invocations=55 (full 17):
 PSYoungGen      total 632320K, used 616448K [0x00000000d6200000, 0x00000000fff00000, 0x0000000100000000)
  eden space 616448K, 100% used [0x00000000d6200000,0x00000000fbc00000,0x00000000fbc00000)
  from space 15872K, 0% used [0x00000000fbc00000,0x00000000fbc00000,0x00000000fcb80000)
  to   space 34304K, 0% used [0x00000000fdd80000,0x00000000fdd80000,0x00000000fff00000)
 ParOldGen       total 227840K, used 200756K [0x0000000082600000, 0x0000000090480000, 0x00000000d6200000)
  object space 227840K, 88% used [0x0000000082600000,0x000000008ea0d070,0x0000000090480000)
 Metaspace       used 114797K, capacity 118534K, committed 118872K, reserved 1155072K
  class space    used 12191K, capacity 12857K, committed 12888K, reserved 1048576K
Event: 706.249 GC heap after
Heap after GC invocations=55 (full 17):
 PSYoungGen      total 650240K, used 25425K [0x00000000d6200000, 0x0000000100000000, 0x0000000100000000)
  eden space 615936K, 0% used [0x00000000d6200000,0x00000000d6200000,0x00000000fbb80000)
  from space 34304K, 74% used [0x00000000fdd80000,0x00000000ff654730,0x00000000fff00000)
  to   space 34816K, 0% used [0x00000000fbb80000,0x00000000fbb80000,0x00000000fdd80000)
 ParOldGen       total 227840K, used 200764K [0x0000000082600000, 0x0000000090480000, 0x00000000d6200000)
  object space 227840K, 88% used [0x0000000082600000,0x000000008ea0f070,0x0000000090480000)
 Metaspace       used 114797K, capacity 118534K, committed 118872K, reserved 1155072K
  class space    used 12191K, capacity 12857K, committed 12888K, reserved 1048576K
}
Event: 803.233 GC heap before
{Heap before GC invocations=56 (full 17):
 PSYoungGen      total 650240K, used 311827K [0x00000000d6200000, 0x0000000100000000, 0x0000000100000000)
  eden space 615936K, 46% used [0x00000000d6200000,0x00000000e79b0628,0x00000000fbb80000)
  from space 34304K, 74% used [0x00000000fdd80000,0x00000000ff654730,0x00000000fff00000)
  to   space 34816K, 0% used [0x00000000fbb80000,0x00000000fbb80000,0x00000000fdd80000)
 ParOldGen       total 227840K, used 200764K [0x0000000082600000, 0x0000000090480000, 0x00000000d6200000)
  object space 227840K, 88% used [0x0000000082600000,0x000000008ea0f070,0x0000000090480000)
 Metaspace       used 114975K, capacity 118610K, committed 118872K, reserved 1155072K
  class space    used 12205K, capacity 12860K, committed 12888K, reserved 1048576K
Event: 803.241 GC heap after
Heap after GC invocations=56 (full 17):
 PSYoungGen      total 650752K, used 14641K [0x00000000d6200000, 0x0000000100000000, 0x0000000100000000)
  eden space 615936K, 0% used [0x00000000d6200000,0x00000000d6200000,0x00000000fbb80000)
  from space 34816K, 42% used [0x00000000fbb80000,0x00000000fc9cc7b8,0x00000000fdd80000)
  to   space 34304K, 0% used [0x00000000fde80000,0x00000000fde80000,0x0000000100000000)
 ParOldGen       total 227840K, used 200764K [0x0000000082600000, 0x0000000090480000, 0x00000000d6200000)
  object space 227840K, 88% used [0x0000000082600000,0x000000008ea0f070,0x0000000090480000)
 Metaspace       used 114975K, capacity 118610K, committed 118872K, reserved 1155072K
  class space    used 12205K, capacity 12860K, committed 12888K, reserved 1048576K
}
Event: 803.241 GC heap before
{Heap before GC invocations=57 (full 18):
 PSYoungGen      total 650752K, used 14641K [0x00000000d6200000, 0x0000000100000000, 0x0000000100000000)
  eden space 615936K, 0% used [0x00000000d6200000,0x00000000d6200000,0x00000000fbb80000)
  from space 34816K, 42% used [0x00000000fbb80000,0x00000000fc9cc7b8,0x00000000fdd80000)
  to   space 34304K, 0% used [0x00000000fde80000,0x00000000fde80000,0x0000000100000000)
 ParOldGen       total 227840K, used 200764K [0x0000000082600000, 0x0000000090480000, 0x00000000d6200000)
  object space 227840K, 88% used [0x0000000082600000,0x000000008ea0f070,0x0000000090480000)
 Metaspace       used 114975K, capacity 118610K, committed 118872K, reserved 1155072K
  class space    used 12205K, capacity 12860K, committed 12888K, reserved 1048576K
Event: 803.711 GC heap after
Heap after GC invocations=57 (full 18):
 PSYoungGen      total 650752K, used 0K [0x00000000d6200000, 0x0000000100000000, 0x0000000100000000)
  eden space 615936K, 0% used [0x00000000d6200000,0x00000000d6200000,0x00000000fbb80000)
  from space 34816K, 0% used [0x00000000fbb80000,0x00000000fbb80000,0x00000000fdd80000)
  to   space 34304K, 0% used [0x00000000fde80000,0x00000000fde80000,0x0000000100000000)
 ParOldGen       total 227840K, used 213735K [0x0000000082600000, 0x0000000090480000, 0x00000000d6200000)
  object space 227840K, 93% used [0x0000000082600000,0x000000008f6b9fc0,0x0000000090480000)
 Metaspace       used 114851K, capacity 118412K, committed 118872K, reserved 1155072K
  class space    used 12186K, capacity 12827K, committed 12888K, reserved 1048576K
}
Event: 805.898 GC heap before
{Heap before GC invocations=58 (full 18):
 PSYoungGen      total 650752K, used 615936K [0x00000000d6200000, 0x0000000100000000, 0x0000000100000000)
  eden space 615936K, 100% used [0x00000000d6200000,0x00000000fbb80000,0x00000000fbb80000)
  from space 34816K, 0% used [0x00000000fbb80000,0x00000000fbb80000,0x00000000fdd80000)
  to   space 34304K, 0% used [0x00000000fde80000,0x00000000fde80000,0x0000000100000000)
 ParOldGen       total 227840K, used 213735K [0x0000000082600000, 0x0000000090480000, 0x00000000d6200000)
  object space 227840K, 93% used [0x0000000082600000,0x000000008f6b9fc0,0x0000000090480000)
 Metaspace       used 117662K, capacity 121400K, committed 121432K, reserved 1157120K
  class space    used 12439K, capacity 13121K, committed 13144K, reserved 1048576K
Event: 805.914 GC heap after
Heap after GC invocations=58 (full 18):
 PSYoungGen      total 649728K, used 25380K [0x00000000d6200000, 0x0000000100000000, 0x0000000100000000)
  eden space 615424K, 0% used [0x00000000d6200000,0x00000000d6200000,0x00000000fbb00000)
  from space 34304K, 73% used [0x00000000fde80000,0x00000000ff7490b8,0x0000000100000000)
  to   space 35328K, 0% used [0x00000000fbb00000,0x00000000fbb00000,0x00000000fdd80000)
 ParOldGen       total 227840K, used 213743K [0x0000000082600000, 0x0000000090480000, 0x00000000d6200000)
  object space 227840K, 93% used [0x0000000082600000,0x000000008f6bbfc0,0x0000000090480000)
 Metaspace       used 117662K, capacity 121400K, committed 121432K, reserved 1157120K
  class space    used 12439K, capacity 13121K, committed 13144K, reserved 1048576K
}

